[unionagency.one/exzo/index6.html]
[backblue.gif]
[fade.gif]
[index.html]
[unionagency.one/exzo/css/bootstrap.extension.css]
[unionagency.one/exzo/css/bootstrap.min.css]
[unionagency.one/exzo/css/style.css]
[unionagency.one/exzo/css/swiper.css]
[unionagency.one/exzo/css/sumoselect.css]
[unionagency.one/exzo/css/font-awesome.min.css]
[unionagency.one/exzo/img/favicon.ico]
[unionagency.one/exzo/cart.html]
[unionagency.one/exzo/img/product-1.png]
[unionagency.one/exzo/img/product-2.png]
[unionagency.one/exzo/index1.html]
[unionagency.one/exzo/img/product-3.png]
[unionagency.one/exzo/img/icon-4.png]
[unionagency.one/exzo/checkout1.html]
[unionagency.one/exzo/img/logo-2.png]
[unionagency.one/exzo/index2.html]
[unionagency.one/exzo/index3.html]
[unionagency.one/exzo/about1.html]
[unionagency.one/exzo/index5.html]
[unionagency.one/exzo/index4.html]
[unionagency.one/exzo/products1.html]
[unionagency.one/exzo/products2.html]
[unionagency.one/exzo/products3.html]
[unionagency.one/exzo/img/product-59.jpg]
[unionagency.one/exzo/img/product-61.jpg]
[unionagency.one/exzo/product.html]
[unionagency.one/exzo/img/icon-1.png]
[unionagency.one/exzo/img/icon-3.png]
[unionagency.one/exzo/img/product-60.jpg]
[unionagency.one/exzo/blog3.html]
[unionagency.one/exzo/services1.html]
[unionagency.one/exzo/blogdetail1.html]
[unionagency.one/exzo/gallery1.html]
[unionagency.one/exzo/checkout2.html]
[unionagency.one/exzo/elements.html]
[unionagency.one/exzo/img/background-11.jpg]
[unionagency.one/exzo/gallery2.html]
[unionagency.one/exzo/contact1.html]
[unionagency.one/exzo/img/product-preview-4.jpg]
[unionagency.one/exzo/img/product-130.jpg]
[unionagency.one/exzo/img/product-131.jpg]
[unionagency.one/exzo/img/product-115.jpg]
[unionagency.one/exzo/img/product-116.jpg]
[unionagency.one/exzo/img/product-117.jpg]
[unionagency.one/exzo/img/product-118.jpg]
[unionagency.one/exzo/img/product-119.jpg]
[unionagency.one/exzo/img/product-120.jpg]
[unionagency.one/exzo/img/product-121.jpg]
[unionagency.one/exzo/img/product-122.jpg]
[unionagency.one/exzo/img/product-123.jpg]
[unionagency.one/exzo/img/icon-2.png]
[unionagency.one/exzo/img/product-preview-21.png]
[unionagency.one/exzo/img/product-124.jpg]
[unionagency.one/exzo/img/product-125.jpg]
[unionagency.one/exzo/img/product-126.jpg]
[unionagency.one/exzo/img/product-127.jpg]
[unionagency.one/exzo/img/product-128.jpg]
[unionagency.one/exzo/img/product-129.jpg]
[unionagency.one/exzo/img/product-31.jpg]
[unionagency.one/exzo/img/product-32.jpg]
[unionagency.one/exzo/img/product-33.jpg]
[unionagency.one/exzo/img/product-34.jpg]
[unionagency.one/exzo/img/product-35.jpg]
[unionagency.one/exzo/img/product-36.jpg]
[unionagency.one/exzo/img/product-37.jpg]
[unionagency.one/exzo/img/product-38.jpg]
[unionagency.one/exzo/img/product-39.jpg]
[unionagency.one/exzo/img/icon-22.png]
[unionagency.one/exzo/img/icon-23.png]
[unionagency.one/exzo/img/icon-24.png]
[unionagency.one/exzo/img/icon-25.png]
[unionagency.one/exzo/img/logo-1.png]
[unionagency.one/exzo/img/thumbnail-1.jpg]
[unionagency.one/exzo/img/thumbnail-2.jpg]
[unionagency.one/exzo/img/thumbnail-3.jpg]
[unionagency.one/exzo/img/thumbnail-4.jpg]
[unionagency.one/exzo/img/thumbnail-5.jpg]
[unionagency.one/exzo/img/thumbnail-6.jpg]
[unionagency.one/exzo/img/thumbnail-7.jpg]
[unionagency.one/exzo/img/thumbnail-8.jpg]
[unionagency.one/exzo/img/thumbnail-9.jpg]
[unionagency.one/exzo/img/product-preview-5.jpg]
[unionagency.one/exzo/img/product-preview-6.jpg]
[unionagency.one/exzo/img/product-preview-7.jpg]
[unionagency.one/exzo/img/product-preview-8.jpg]
[unionagency.one/exzo/img/product-preview-9.jpg]
[unionagency.one/exzo/img/product-preview-10.jpg]
[unionagency.one/exzo/img/product-preview-4_.jpg]
[unionagency.one/exzo/img/product-preview-5_.jpg]
[unionagency.one/exzo/img/product-preview-6_.jpg]
[unionagency.one/exzo/img/product-preview-7_.jpg]
[unionagency.one/exzo/img/product-preview-8_.jpg]
[unionagency.one/exzo/img/product-preview-9_.jpg]
[unionagency.one/exzo/img/product-preview-10_.jpg]
[unionagency.one/exzo/js/swiper.jquery.min.js]
[unionagency.one/exzo/js/global.js]
[unionagency.one/exzo/js/jquery-2.2.4.min.js]
[unionagency.one/exzo/js/jquery.classycountdown.js]
[unionagency.one/exzo/js/jquery.knob.js]
[unionagency.one/exzo/js/jquery.throttle.js]
[unionagency.one/exzo/index6.html]
[unionagency.one/exzo/js/jquery.sumoselect.min.js]
[unionagency.one/exzo/css/bootstrap.min.css]
[unionagency.one/exzo/css/bootstrap.extension.css]
[unionagency.one/exzo/img/icon-11.png]
[unionagency.one/exzo/img/icon-20.png]
[unionagency.one/exzo/img/icon-21.png]
[unionagency.one/exzo/img/icon-5.png]
[unionagency.one/exzo/img/icon-19.png]
[unionagency.one/exzo/img/icon-6.png]
[unionagency.one/exzo/img/drag.png]
[unionagency.one/exzo/img/drag-vertical.png]
[unionagency.one/exzo/img/icon-7.png]
[unionagency.one/exzo/img/icon-12.png]
[unionagency.one/exzo/img/icon-13.png]
[unionagency.one/exzo/img/icon-18.png]
[unionagency.one/exzo/img/icon-30.png]
[unionagency.one/exzo/css/style.css]
[unionagency.one/exzo/img/icon-9.png]
[unionagency.one/exzo/img/icon-10.png]
[unionagency.one/exzo/css/swiper.css]
[unionagency.one/exzo/img/icon-8.png]
[unionagency.one/exzo/css/sumoselect.css]
[unionagency.one/exzo/fonts/fontawesome-webfontd41d.eot]
[unionagency.one/exzo/fonts/fontawesome-webfont5b62.eot]
[unionagency.one/exzo/fonts/fontawesome-webfont5b62.woff2]
[unionagency.one/exzo/css/font-awesome.min.css]
[unionagency.one/exzo/img/background-1.jpg]
[unionagency.one/exzo/fonts/fontawesome-webfont5b62.woff]
[unionagency.one/exzo/fonts/fontawesome-webfont5b62.svg]
[unionagency.one/exzo/img/product-preview-12.png]
[unionagency.one/exzo/img/background-2.jpg]
[unionagency.one/exzo/img/product-preview-13.png]
[unionagency.one/exzo/fonts/fontawesome-webfont5b62.ttf]
[unionagency.one/exzo/img/background-3.jpg]
[unionagency.one/exzo/img/background-9.jpg]
[unionagency.one/exzo/img/background-10.jpg]
[unionagency.one/exzo/img/product-62.jpg]
[unionagency.one/exzo/img/product-63.jpg]
[unionagency.one/exzo/img/product-64.jpg]
[unionagency.one/exzo/img/product-65.jpg]
[unionagency.one/exzo/img/thumbnail-24.jpg]
[unionagency.one/exzo/img/thumbnail-25.png]
[unionagency.one/exzo/img/product-66.jpg]
[unionagency.one/exzo/img/product-67.jpg]
[unionagency.one/exzo/img/product-68.jpg]
[unionagency.one/exzo/img/product-69.jpg]
[unionagency.one/exzo/img/product-70.jpg]
[unionagency.one/exzo/img/thumbnail-28.jpg]
[unionagency.one/exzo/img/thumbnail-26.jpg]
[unionagency.one/exzo/img/product-132.jpg]
[unionagency.one/exzo/img/thumbnail-27.jpg]
[unionagency.one/exzo/img/background-4.jpg]
[unionagency.one/exzo/img/product-preview-14.png]
[unionagency.one/exzo/img/product-71.png]
[unionagency.one/exzo/img/product-72.png]
[unionagency.one/exzo/img/product-73.png]
[unionagency.one/exzo/img/product-74.jpg]
[unionagency.one/exzo/img/product-75.jpg]
[unionagency.one/exzo/img/product-76.jpg]
[unionagency.one/exzo/img/product-77.jpg]
[unionagency.one/exzo/img/product-78.jpg]
[unionagency.one/exzo/img/product-79.jpg]
[unionagency.one/exzo/img/product-80.jpg]
[unionagency.one/exzo/img/product-81.jpg]
[unionagency.one/exzo/img/product-82.jpg]
[unionagency.one/exzo/img/product-83.jpg]
[unionagency.one/exzo/img/product-84.jpg]
[unionagency.one/exzo/img/product-85.jpg]
[unionagency.one/exzo/img/background-5.jpg]
[unionagency.one/exzo/img/background-6.jpg]
[unionagency.one/exzo/img/background-7.jpg]
[unionagency.one/exzo/img/background-8.jpg]
[unionagency.one/exzo/index1.html]
[unionagency.one/exzo/cart.html]
[unionagency.one/exzo/checkout1.html]
[unionagency.one/exzo/js/isotope.pkgd.min.js]
[unionagency.one/exzo/img/background-12.png]
[unionagency.one/exzo/img/product-86.jpg]
[unionagency.one/exzo/img/product-87.jpg]
[unionagency.one/exzo/img/product-88.jpg]
[unionagency.one/exzo/img/product-89.jpg]
[unionagency.one/exzo/img/background-13.png]
[unionagency.one/exzo/img/product-90.jpg]
[unionagency.one/exzo/img/product-91.jpg]
[unionagency.one/exzo/img/product-92.jpg]
[unionagency.one/exzo/img/background-14.jpg]
[unionagency.one/exzo/img/product-preview-15.png]
[unionagency.one/exzo/img/background-15.jpg]
[unionagency.one/exzo/index2.html]
[unionagency.one/exzo/img/product-preview-1.jpg]
[unionagency.one/exzo/img/product-preview-2.jpg]
[unionagency.one/exzo/img/product-preview-3.jpg]
[unionagency.one/exzo/img/product-4.png]
[unionagency.one/exzo/img/product-5.png]
[unionagency.one/exzo/img/product-6.png]
[unionagency.one/exzo/img/product-7.jpg]
[unionagency.one/exzo/img/product-8.jpg]
[unionagency.one/exzo/img/product-9.jpg]
[unionagency.one/exzo/img/product-10.jpg]
[unionagency.one/exzo/img/product-11.jpg]
[unionagency.one/exzo/img/product-12.jpg]
[unionagency.one/exzo/img/product-13.png]
[unionagency.one/exzo/img/product-17.png]
[unionagency.one/exzo/img/product-14.png]
[unionagency.one/exzo/img/product-18.png]
[unionagency.one/exzo/img/product-15.png]
[unionagency.one/exzo/img/product-19.png]
[unionagency.one/exzo/img/product-16.png]
[unionagency.one/exzo/img/product-20.png]
[unionagency.one/exzo/img/thumbnail-10.jpg]
[unionagency.one/exzo/img/thumbnail-14.jpg]
[unionagency.one/exzo/img/product-21.jpg]
[unionagency.one/exzo/img/product-23.jpg]
[unionagency.one/exzo/img/product-22.jpg]
[unionagency.one/exzo/img/product-24.jpg]
[unionagency.one/exzo/img/product-25.jpg]
[unionagency.one/exzo/img/product-26.jpg]
[unionagency.one/exzo/img/product-27.jpg]
[unionagency.one/exzo/img/thumbnail-11.jpg]
[unionagency.one/exzo/img/product-28.jpg]
[unionagency.one/exzo/img/product-29.jpg]
[unionagency.one/exzo/img/product-30.jpg]
[unionagency.one/exzo/img/thumbnail-12.jpg]
[unionagency.one/exzo/img/thumbnail-13.jpg]
[unionagency.one/exzo/index3.html]
[unionagency.one/exzo/img/product-preview-17.png]
[unionagency.one/exzo/img/product-preview-16.png]
[unionagency.one/exzo/img/product-preview-18.png]
[unionagency.one/exzo/img/product-preview-19.png]
[unionagency.one/exzo/img/product-preview-20.png]
[unionagency.one/exzo/img/background-16.jpg]
[unionagency.one/exzo/img/background-17.jpg]
[unionagency.one/exzo/img/product-109.jpg]
[unionagency.one/exzo/img/thumbnail-29.jpg]
[unionagency.one/exzo/img/product-110.jpg]
[unionagency.one/exzo/img/thumbnail-30.jpg]
[unionagency.one/exzo/img/thumbnail-31.jpg]
[unionagency.one/exzo/img/thumbnail-32.jpg]
[unionagency.one/exzo/img/thumbnail-33.jpg]
[unionagency.one/exzo/img/background-18.jpg]
[unionagency.one/exzo/img/background-19.png]
[unionagency.one/exzo/img/background-20.jpg]
[unionagency.one/exzo/img/background-21.jpg]
[unionagency.one/exzo/img/client-logo-1.jpg]
[unionagency.one/exzo/img/client-logo-2.jpg]
[unionagency.one/exzo/img/client-logo-3.jpg]
[unionagency.one/exzo/img/client-logo-4.jpg]
[unionagency.one/exzo/img/client-logo-5.jpg]
[unionagency.one/exzo/img/client-logo-6.jpg]
[unionagency.one/exzo/img/client-logo-7.jpg]
[unionagency.one/exzo/img/client-logo-8.jpg]
[unionagency.one/exzo/img/client-logo-9.jpg]
[unionagency.one/exzo/img/client-logo-10.jpg]
[unionagency.one/exzo/index4.html]
[unionagency.one/exzo/img/product-93.png]
[unionagency.one/exzo/img/product-94.png]
[unionagency.one/exzo/img/product-95.png]
[unionagency.one/exzo/img/product-96.png]
[unionagency.one/exzo/img/product-97.png]
[unionagency.one/exzo/img/product-98.png]
[unionagency.one/exzo/img/product-99.png]
[unionagency.one/exzo/img/product-100.png]
[unionagency.one/exzo/img/product-101.png]
[unionagency.one/exzo/img/product-102.png]
[unionagency.one/exzo/img/product-103.png]
[unionagency.one/exzo/img/product-104.png]
[unionagency.one/exzo/img/product-105.png]
[unionagency.one/exzo/img/product-106.png]
[unionagency.one/exzo/img/product-107.png]
[unionagency.one/exzo/img/product-108.png]
[unionagency.one/exzo/index5.html]
[unionagency.one/exzo/img/background-24.jpg]
[unionagency.one/exzo/img/thumbnail-35.jpg]
[unionagency.one/exzo/img/thumbnail-36.jpg]
[unionagency.one/exzo/img/thumbnail-37.jpg]
[unionagency.one/exzo/img/thumbnail-40.jpg]
[unionagency.one/exzo/img/thumbnail-41.jpg]
[unionagency.one/exzo/img/thumbnail-42.jpg]
[unionagency.one/exzo/img/thumbnail-43.jpg]
[unionagency.one/exzo/img/thumbnail-38.jpg]
[unionagency.one/exzo/img/thumbnail-39.jpg]
[unionagency.one/exzo/img/background-25.jpg]
[unionagency.one/exzo/about1.html]
[unionagency.one/exzo/img/icon-14.png]
[unionagency.one/exzo/img/icon-15.png]
[unionagency.one/exzo/img/icon-16.png]
[unionagency.one/exzo/img/icon-17.png]
[unionagency.one/exzo/img/product-40.jpg]
[unionagency.one/exzo/img/product-41.jpg]
[unionagency.one/exzo/img/product-42.jpg]
[unionagency.one/exzo/img/product-43.jpg]
[unionagency.one/exzo/img/product-44.jpg]
[unionagency.one/exzo/img/product-45.jpg]
[unionagency.one/exzo/img/product-46.jpg]
[unionagency.one/exzo/img/product-47.jpg]
[unionagency.one/exzo/img/product-48.jpg]
[unionagency.one/exzo/products1.html]
[unionagency.one/exzo/js/jquery.ui.touch-punch.min.js]
[unionagency.one/exzo/img/product-111.jpg]
[unionagency.one/exzo/js/jquery-ui.min.js]
[unionagency.one/exzo/img/product-112.jpg]
[unionagency.one/exzo/img/product-113.jpg]
[unionagency.one/exzo/img/product-114.jpg]
[unionagency.one/exzo/img/product-49.jpg]
[unionagency.one/exzo/products2.html]
[unionagency.one/exzo/products3.html]
[unionagency.one/exzo/img/thumbnail-15.jpg]
[unionagency.one/exzo/img/thumbnail-16.jpg]
[unionagency.one/exzo/img/thumbnail-17.jpg]
[unionagency.one/exzo/img/thumbnail-18.jpg]
[unionagency.one/exzo/img/thumbnail-19.jpg]
[unionagency.one/exzo/img/thumbnail-20.jpg]
[unionagency.one/exzo/img/thumbnail-21.jpg]
[unionagency.one/exzo/img/thumbnail-22.jpg]
[unionagency.one/exzo/img/testimonial-1.jpg]
[unionagency.one/exzo/img/testimonial-2.jpg]
[unionagency.one/exzo/img/testimonial-3.jpg]
[unionagency.one/exzo/img/product-50.jpg]
[unionagency.one/exzo/img/product-51.jpg]
[unionagency.one/exzo/img/product-52.jpg]
[unionagency.one/exzo/img/product-53.jpg]
[unionagency.one/exzo/img/product-54.jpg]
[unionagency.one/exzo/img/product-55.jpg]
[unionagency.one/exzo/img/product-56.jpg]
[unionagency.one/exzo/img/product-57.jpg]
[unionagency.one/exzo/img/product-58.jpg]
[unionagency.one/exzo/product.html]
[unionagency.one/exzo/img/background-22.jpg]
[unionagency.one/exzo/img/background-23.jpg]
[unionagency.one/exzo/img/icon-26.png]
[unionagency.one/exzo/img/icon-27.png]
[unionagency.one/exzo/img/thumbnail-34.jpg]
[unionagency.one/exzo/services1.html]
[unionagency.one/exzo/img/thumbnail-77.jpg]
[unionagency.one/exzo/img/thumbnail-78.jpg]
[unionagency.one/exzo/img/thumbnail-73.jpg]
[unionagency.one/exzo/img/thumbnail-74.jpg]
[unionagency.one/exzo/img/thumbnail-75.jpg]
[unionagency.one/exzo/img/thumbnail-76.jpg]
[unionagency.one/exzo/blog3.html]
[unionagency.one/exzo/img/thumbnail-79.jpg]
[unionagency.one/exzo/img/thumbnail-80.jpg]
[unionagency.one/exzo/img/thumbnail-81.jpg]
[unionagency.one/exzo/img/thumbnail-82.jpg]
[unionagency.one/exzo/img/thumbnail-83.jpg]
[unionagency.one/exzo/img/thumbnail-84.jpg]
[unionagency.one/exzo/blogdetail1.html]
[unionagency.one/exzo/img/thumbnail-44.jpg]
[unionagency.one/exzo/_ajax_gallery.html]
[unionagency.one/exzo/img/thumbnail-45.jpg]
[unionagency.one/exzo/img/thumbnail-46.jpg]
[unionagency.one/exzo/img/thumbnail-47.jpg]
[unionagency.one/exzo/img/thumbnail-48.jpg]
[unionagency.one/exzo/img/thumbnail-49.jpg]
[unionagency.one/exzo/img/thumbnail-50.jpg]
[unionagency.one/exzo/img/thumbnail-51.jpg]
[unionagency.one/exzo/gallery1.html]
[unionagency.one/exzo/img/thumbnail-62.jpg]
[unionagency.one/exzo/img/thumbnail-63.jpg]
[unionagency.one/exzo/img/thumbnail-64.jpg]
[unionagency.one/exzo/img/thumbnail-65.jpg]
[unionagency.one/exzo/img/thumbnail-66.jpg]
[unionagency.one/exzo/img/thumbnail-67.jpg]
[unionagency.one/exzo/img/thumbnail-68.jpg]
[unionagency.one/exzo/img/thumbnail-69.jpg]
[unionagency.one/exzo/img/thumbnail-72.jpg]
[unionagency.one/exzo/img/thumbnail-70.jpg]
[unionagency.one/exzo/img/thumbnail-71.jpg]
[unionagency.one/exzo/gallery2.html]
[unionagency.one/exzo/checkout2.html]
[unionagency.one/exzo/elements.html]
[unionagency.one/exzo/_ajax_product.html]
[unionagency.one/exzo/img/background-26.jpg]
[unionagency.one/exzo/img/icon-28.png]
[unionagency.one/exzo/js/map.js]
[unionagency.one/exzo/contact1.html]
[unionagency.one/exzo/fonts/glyphicons-halflings-regular.html]
[unionagency.one/exzo/fonts/glyphicons-halflings-regulard41d.html]
[unionagency.one/exzo/fonts/glyphicons-halflings-regular-2.html]
[unionagency.one/exzo/fonts/glyphicons-halflings-regular-3.html]
[unionagency.one/exzo/fonts/glyphicons-halflings-regular-4.html]
[unionagency.one/exzo/fonts/glyphicons-halflings-regular-5.html]
[unionagency.one/exzo/fonts/fontawesome-webfont5b62.svg]
[unionagency.one/exzo/js/contact.form.js]
[unionagency.one/exzo/img/thumbnail-52.jpg]
[unionagency.one/exzo/img/thumbnail-53.jpg]
[unionagency.one/exzo/img/thumbnail-54.jpg]
[unionagency.one/exzo/img/thumbnail-55.jpg]
[unionagency.one/exzo/img/thumbnail-56.jpg]
[unionagency.one/exzo/img/thumbnail-57.jpg]
[unionagency.one/exzo/img/thumbnail-58.jpg]
[unionagency.one/exzo/img/thumbnail-59.jpg]
[unionagency.one/exzo/img/thumbnail-60.jpg]
[unionagency.one/exzo/img/thumbnail-61.jpg]
[unionagency.one/exzo/_ajax_gallery.html]
[unionagency.one/exzo/img/product-preview-11.jpg]
[unionagency.one/exzo/img/product-preview-11_.jpg]
[unionagency.one/exzo/_ajax_product.html]
